2025-02-21 00:03:59,816 - INFO - Добавлена задача: 
2025-02-21 00:04:00,409 - INFO - Введены офферы: 
2025-02-24 10:37:29,639 - INFO - Добавлена задача: BD-8900
2025-02-24 10:37:32,881 - INFO - Введены офферы: 5847
2025-02-24 10:37:43,682 - INFO - Описание для задачи BD-8900 сгенерировано.
2025-02-24 10:37:43,682 - INFO - Задача BD-8900 добавлена в список.
2025-02-24 10:37:43,683 - INFO - Ввод задач завершён.
2025-02-24 10:37:43,683 - INFO - Обновление задачи BD-8900...
2025-02-24 10:37:44,045 - INFO - Успешное подключение к Jira.
2025-02-24 10:37:44,255 - INFO - Задача BD-8900 успешно получена.
2025-02-24 10:37:48,321 - INFO - Описание задачи BD-8900 обновлено.
2025-02-24 10:37:49,017 - INFO - Задача BD-8900 успешно обновлена.
2025-02-24 10:37:49,018 - INFO - Открытие задачи https://jira.banki.ru/browse/BD-8900 в браузере...
2025-02-24 10:37:49,218 - INFO - Соединение с базой данных закрыто.
2025-02-24 10:38:02,682 - INFO - Скрипт завершён.
2025-02-24 10:38:18,539 - INFO - Добавлена задача: BD-8699
2025-02-24 10:38:20,250 - INFO - Введены офферы: 6189,6191
2025-02-24 10:38:20,292 - INFO - Описание для задачи BD-8699 сгенерировано.
2025-02-24 10:38:20,292 - INFO - Задача BD-8699 добавлена в список.
2025-02-24 10:38:22,515 - INFO - Ввод задач завершён.
2025-02-24 10:38:22,515 - INFO - Обновление задачи BD-8699...
2025-02-24 10:38:22,815 - INFO - Успешное подключение к Jira.
2025-02-24 10:38:22,959 - INFO - Задача BD-8699 успешно получена.
2025-02-24 10:38:26,733 - INFO - Описание задачи BD-8699 обновлено.
2025-02-24 10:38:28,577 - INFO - Задача BD-8699 успешно обновлена.
2025-02-24 10:38:28,577 - INFO - Открытие задачи https://jira.banki.ru/browse/BD-8699 в браузере...
2025-02-24 10:38:28,743 - INFO - Соединение с базой данных закрыто.
2025-03-30 17:09:35,704 - INFO - Добавлена задача: BD-8203
2025-03-30 17:09:45,332 - INFO - Введены офферы: 4454
2025-03-30 17:09:45,509 - INFO - Описание для задачи BD-8203 сгенерировано.
2025-03-30 17:09:45,509 - INFO - Задача BD-8203 добавлена в список.
2025-03-30 17:09:48,522 - INFO - Ввод задач завершён.
2025-03-30 17:09:48,522 - INFO - Обновление задачи BD-8203...
2025-03-30 17:09:49,004 - INFO - Успешное подключение к Jira.
2025-03-30 17:09:49,427 - INFO - Задача BD-8203 успешно получена.
2025-03-30 17:09:56,139 - INFO - Описание задачи BD-8203 обновлено.
2025-03-30 17:09:56,144 - INFO - Задача BD-8203 успешно обновлена.
2025-03-30 17:09:56,144 - INFO - Открытие задачи https://jira.banki.ru/browse/BD-8203 в браузере...
2025-03-30 17:09:56,345 - INFO - Соединение с базой данных закрыто.
2025-04-15 01:37:02,531 - INFO - Добавлена задача: BD-8203
2025-04-15 01:37:33,373 - INFO - Введены офферы: 4454
2025-04-15 01:37:33,509 - INFO - Описание для задачи BD-8203 сгенерировано.
2025-04-15 01:37:33,509 - INFO - Задача BD-8203 добавлена в список.
2025-04-15 01:38:49,282 - INFO - Ввод задач завершён.
2025-04-15 01:38:49,282 - INFO - Обновление задачи BD-8203...
2025-04-15 01:38:50,146 - INFO - Успешное подключение к Jira.
2025-04-15 01:38:50,963 - INFO - Задача BD-8203 успешно получена.
2025-04-15 01:38:57,773 - INFO - Описание задачи BD-8203 обновлено.
2025-04-15 01:38:57,773 - INFO - Задача BD-8203 успешно обновлена.
2025-04-15 01:38:57,788 - INFO - Открытие задачи https://jira.banki.ru/browse/BD-8203 в браузере...
2025-04-15 01:38:58,055 - INFO - Соединение с базой данных закрыто.
2025-04-20 01:26:15,027 - INFO - Обработка задачи BD-8203 с офферами: 4454
2025-04-20 01:26:15,955 - INFO - Успешное подключение к Jira.
2025-04-20 01:26:16,855 - INFO - Задача BD-8203 успешно получена.
2025-04-20 01:26:24,048 - INFO - Описание задачи BD-8203 обновлено.
2025-04-20 01:26:24,775 - INFO - Успешно обработано 1 из 1 задач
2025-04-20 01:28:05,248 - INFO - Обработка задачи BD-8203 с офферами: 4454
2025-04-20 01:28:05,949 - INFO - Успешное подключение к Jira.
2025-04-20 01:28:06,813 - INFO - Задача BD-8203 успешно получена.
2025-04-20 01:28:15,225 - INFO - Описание задачи BD-8203 обновлено.
2025-04-20 01:28:15,847 - INFO - Успешно обработано 1 из 1 задач
2025-04-20 01:30:17,508 - INFO - Обработка задачи BD-8204 с офферами: 4302, 6682
2025-04-20 01:41:10,645 - ERROR - Ошибка при обработке JSON файла: [Errno 2] No such file or directory: 'C:\\Users\\n.shpak\\Desktop\\app\\jira_updater\\temp_jira_input.json'
2025-04-20 01:41:53,441 - INFO - Обработка задачи BD-8204 с офферами: 4302, 6682
2025-04-20 01:42:22,413 - INFO - Обработка задачи BD-8204 с офферами: 4302, 6682
2025-04-20 01:48:36,504 - INFO - Обработка задачи BD-8204 с офферами: 4302, 6682
2025-04-20 01:48:49,995 - INFO - Обработка задачи BD-8204 с офферами: 4302, 6682
2025-04-20 01:53:05,429 - INFO - Обработка задачи BD-8204 с офферами: 4302, 6682
2025-04-20 01:54:27,112 - INFO - Обработка задачи BD-8203 с офферами: 4454
2025-04-20 01:54:27,994 - INFO - Успешное подключение к Jira.
2025-04-20 01:54:28,649 - INFO - Задача BD-8203 успешно получена.
2025-04-20 01:54:29,452 - INFO - Описание задачи BD-8203 обновлено.
2025-04-20 01:54:29,862 - INFO - Успешно обработано 1 из 1 задач
2025-04-20 01:56:30,068 - INFO - Обработка задачи BD-8245 с офферами: 5160
2025-04-20 01:56:30,789 - INFO - Успешное подключение к Jira.
2025-04-20 01:56:31,067 - INFO - Задача BD-8245 успешно получена.
2025-04-20 01:56:40,638 - INFO - Описание задачи BD-8245 обновлено.
2025-04-20 01:56:40,926 - INFO - Обработка задачи BD-8214 с офферами: 3868
2025-04-20 01:56:42,060 - INFO - Успешное подключение к Jira.
2025-04-20 01:56:42,274 - INFO - Задача BD-8214 успешно получена.
2025-04-20 01:56:45,630 - INFO - Описание задачи BD-8214 обновлено.
2025-04-20 01:56:45,720 - INFO - Успешно обработано 2 из 2 задач
2025-04-20 02:21:09,850 - INFO - Обработка задачи BD-8204 с офферами: 4302, 6682
2025-04-20 02:21:10,033 - ERROR - Ошибка при выполнении SQL-запроса: process_record() missing 1 required positional argument: 'record'
2025-04-20 02:21:10,033 - ERROR - Не удалось получить данные для задачи BD-8204
2025-04-20 02:21:10,033 - INFO - Успешно обработано 0 из 1 задач
2025-04-20 15:47:43,346 - INFO - Обработка задачи BD-8214 с офферами: 3868
2025-04-20 15:47:43,428 - ERROR - Ошибка при выполнении SQL-запроса: process_record() missing 1 required positional argument: 'record'
2025-04-20 15:47:43,428 - ERROR - Не удалось получить данные для задачи BD-8214
2025-04-20 15:47:43,428 - INFO - Успешно обработано 0 из 1 задач
2025-04-20 15:49:30,405 - INFO - Обработка задачи BD-8214 с офферами: 3868
2025-04-20 15:49:30,499 - ERROR - Ошибка при выполнении SQL-запроса: process_record() missing 1 required positional argument: 'record'
2025-04-20 15:49:30,499 - ERROR - Не удалось получить данные для задачи BD-8214
2025-04-20 15:49:30,499 - INFO - Успешно обработано 0 из 1 задач
2025-04-20 16:08:25,494 - INFO - Обработка задачи BD-8214 с офферами: 3868
2025-04-20 16:08:25,626 - ERROR - Ошибка при выполнении SQL-запроса: process_record() missing 1 required positional argument: 'record'
2025-04-20 16:08:25,626 - ERROR - Не удалось получить данные для задачи BD-8214
2025-04-20 16:08:25,626 - INFO - Обработка задачи BD-8214 с офферами: 3868
2025-04-20 16:08:25,679 - ERROR - Ошибка при выполнении SQL-запроса: process_record() missing 1 required positional argument: 'record'
2025-04-20 16:08:25,679 - ERROR - Не удалось получить данные для задачи BD-8214
2025-04-20 16:08:25,679 - INFO - Успешно обработано 0 из 2 задач
2025-04-20 16:29:53,201 - INFO - Обработка задачи BD-8204 с офферами: 4302, 6682
2025-04-20 16:29:53,360 - ERROR - Ошибка при выполнении SQL-запроса: process_record() missing 1 required positional argument: 'record'
2025-04-20 16:29:53,360 - ERROR - Не удалось получить данные для задачи BD-8204
2025-04-20 16:29:53,360 - INFO - Обработка задачи BD-8214 с офферами: 3868
2025-04-20 16:29:53,401 - ERROR - Ошибка при выполнении SQL-запроса: process_record() missing 1 required positional argument: 'record'
2025-04-20 16:29:53,401 - ERROR - Не удалось получить данные для задачи BD-8214
2025-04-20 16:29:53,401 - INFO - Успешно обработано 0 из 2 задач
